STEP	OBJ._FUNCTION	<kb>        	<kn>        	<mlt>       	<sn0>       	<gw0>       	<st0>       	<CN1>       	<CN2>       	<ss1>       	<ss2>       	<kh>        
   1	1.233618E+07	3.382962E-01	3.580189E-01	2.583157E+00	1.536529E+00	9.915650E+02	3.298751E+02	9.057675E+01	6.529843E+01	1.781463E+01	1.769379E+01	1.194302E+00
   2	9.412988E+04	6.448653E-01	9.308909E-02	9.095028E-01	4.345313E+01	7.141942E+01	7.262734E+01	7.591010E+01	8.848742E+01	1.837389E+01	1.794532E+01	1.018439E+00
   9	3.051495E+04	5.906381E-01	1.219840E-01	7.741769E-01	2.253211E+01	4.861816E+01	2.030659E+01	7.893176E+01	8.531280E+01	1.532550E+01	1.444373E+01	9.176821E-01
  27	2.087312E+04	5.315648E-01	1.685491E-01	7.741769E-01	2.253211E+01	2.761455E+01	2.030659E+01	7.126317E+01	7.834256E+01	1.532550E+01	1.444373E+01	9.707332E-01
  33	6.889047E+03	5.315648E-01	8.902842E-02	7.741769E-01	3.479652E+00	5.461231E+00	2.871326E+01	7.424161E+01	8.887512E+01	2.132173E+01	1.444373E+01	1.266898E+00
  40	6.704926E+03	5.502515E-01	8.902842E-02	7.741769E-01	3.479652E+00	5.461231E+00	2.871326E+01	7.424161E+01	8.339822E+01	2.132173E+01	1.445406E+01	1.154065E+00
  44	5.789909E+03	5.502515E-01	8.902842E-02	2.426495E+00	3.479652E+00	5.461231E+00	2.871326E+01	6.407015E+01	7.218794E+01	2.132173E+01	8.501640E+00	1.154065E+00
  56	5.416340E+03	5.502515E-01	5.094003E-03	2.426495E+00	3.479652E+00	5.461231E+00	2.871326E+01	6.407015E+01	7.218794E+01	1.845561E+01	8.501640E+00	1.154065E+00
  60	5.151542E+03	5.502515E-01	1.988036E-01	2.426495E+00	3.479652E+00	5.461231E+00	1.581298E+01	6.407015E+01	7.218794E+01	1.845561E+01	8.501640E+00	1.154065E+00
  78	5.151540E+03	5.502515E-01	1.988036E-01	2.500213E+00	3.479652E+00	5.461231E+00	1.581298E+01	6.407015E+01	7.218794E+01	1.845561E+01	8.501640E+00	1.154065E+00
  82	4.916883E+03	2.712552E-01	1.988036E-01	2.500213E+00	3.479652E+00	5.461231E+00	1.581298E+01	6.407015E+01	7.218794E+01	1.845561E+01	8.501640E+00	1.154065E+00
  94	4.902094E+03	2.712552E-01	1.988036E-01	2.500213E+00	3.479652E+00	5.461231E+00	1.581298E+01	6.460876E+01	7.218794E+01	1.845561E+01	8.501640E+00	1.154065E+00
 103	4.898346E+03	2.712552E-01	1.988036E-01	2.500213E+00	3.479652E+00	5.461231E+00	1.581298E+01	6.460876E+01	7.218794E+01	1.672775E+01	5.439274E+00	1.154065E+00
 115	4.897028E+03	2.712552E-01	1.988036E-01	2.500213E+00	3.479652E+00	5.461231E+00	1.581298E+01	6.460876E+01	7.218794E+01	1.401893E+01	5.439274E+00	1.154065E+00
 116	4.865450E+03	2.712552E-01	1.988036E-01	2.500213E+00	3.479652E+00	5.461231E+00	1.581298E+01	6.460876E+01	7.421398E+01	1.672775E+01	5.439274E+00	1.154065E+00
 117	3.507104E+03	2.712552E-01	1.988036E-01	2.500213E+00	3.479652E+00	5.461231E+00	6.575346E+00	6.460876E+01	7.218794E+01	1.213914E+01	5.439274E+00	1.154065E+00
 124	3.192738E+03	5.415522E-02	1.988036E-01	2.500213E+00	3.479652E+00	5.461231E+00	6.575346E+00	6.460876E+01	6.673744E+01	1.213914E+01	5.439274E+00	1.075294E+00
 134	3.184928E+03	5.415522E-02	1.988036E-01	2.500213E+00	3.479652E+00	5.461231E+00	6.575346E+00	6.460876E+01	6.673744E+01	1.542573E+01	5.439274E+00	1.075294E+00
 137	3.144077E+03	5.415522E-02	2.126612E-01	2.500213E+00	3.479652E+00	5.461231E+00	5.657662E+00	6.460876E+01	6.171007E+01	1.716754E+01	9.246693E+00	1.075294E+00
 161	2.404623E+03	5.415522E-02	3.456760E-01	2.500213E+00	3.479652E+00	5.564724E+00	5.657662E+00	7.191265E+01	6.171007E+01	1.716754E+01	9.246693E+00	1.075294E+00
 167	2.192970E+03	5.415522E-02	3.456760E-01	2.500213E+00	3.479652E+00	5.564724E+00	5.657662E+00	7.191265E+01	8.605522E+01	1.716754E+01	9.246693E+00	1.075294E+00
 175	2.180333E+03	5.415522E-02	3.456760E-01	2.500213E+00	3.479652E+00	5.564724E+00	5.657662E+00	7.191265E+01	8.605522E+01	1.617404E+01	9.246693E+00	1.075294E+00
 195	2.085618E+03	5.415522E-02	3.203104E-01	1.003111E+00	3.479652E+00	5.564724E+00	5.657662E+00	7.191265E+01	8.605522E+01	1.617404E+01	9.246693E+00	1.075294E+00
 199	2.057592E+03	5.415522E-02	3.203104E-01	1.003111E+00	3.479652E+00	5.564724E+00	5.657662E+00	7.191265E+01	8.605522E+01	1.617404E+01	7.602201E+00	1.075294E+00
 209	1.950908E+03	5.415522E-02	3.203104E-01	4.079965E-01	3.479652E+00	5.564724E+00	5.657662E+00	7.191265E+01	8.605522E+01	1.617404E+01	7.602201E+00	1.075294E+00
 213	1.907895E+03	5.415522E-02	3.203104E-01	4.079965E-01	3.479652E+00	5.564724E+00	5.657662E+00	7.191265E+01	8.605522E+01	6.505169E+00	7.602201E+00	1.075294E+00
 216	1.874783E+03	5.415522E-02	3.203104E-01	1.190910E-01	3.479652E+00	5.564724E+00	5.657662E+00	7.191265E+01	8.605522E+01	1.617404E+01	7.602201E+00	1.075294E+00
 222	1.851941E+03	5.415522E-02	3.203104E-01	1.190910E-01	3.479652E+00	5.564724E+00	5.657662E+00	7.191265E+01	8.605522E+01	1.165873E+01	7.602201E+00	1.075294E+00
 225	1.801215E+03	5.415522E-02	3.203104E-01	1.190910E-01	1.336514E+00	5.564724E+00	5.657662E+00	7.191265E+01	8.605522E+01	1.617404E+01	7.602201E+00	1.051891E+00
 238	1.785780E+03	5.415522E-02	3.203104E-01	1.190910E-01	1.336514E+00	5.564724E+00	5.657662E+00	7.191265E+01	8.820736E+01	1.617404E+01	7.602201E+00	1.046942E+00
 242	1.518906E+03	5.415522E-02	4.519203E-01	1.190910E-01	1.336514E+00	5.564724E+00	5.657662E+00	7.531393E+01	8.820736E+01	1.617404E+01	7.602201E+00	1.000803E+00
 250	1.482614E+03	5.415522E-02	4.519203E-01	1.190910E-01	1.336514E+00	5.564724E+00	5.657662E+00	7.531393E+01	8.820736E+01	1.182250E+01	7.602201E+00	1.000803E+00
 254	1.482188E+03	5.415522E-02	4.519203E-01	1.190910E-01	1.336514E+00	5.564724E+00	5.657662E+00	7.531393E+01	8.820736E+01	1.182250E+01	7.602201E+00	1.006635E+00
 262	1.481885E+03	5.415522E-02	4.519203E-01	1.190910E-01	1.336514E+00	5.564724E+00	5.657662E+00	7.531393E+01	8.820736E+01	1.182250E+01	7.602201E+00	1.011419E+00
 279	1.479758E+03	5.415522E-02	4.519203E-01	1.190910E-01	1.336514E+00	5.564724E+00	5.657662E+00	7.531393E+01	8.800939E+01	1.182250E+01	7.602201E+00	1.011419E+00
 283	1.460702E+03	3.960973E-02	4.519203E-01	1.190910E-01	1.336514E+00	5.564724E+00	5.657662E+00	7.531393E+01	8.800939E+01	1.182250E+01	7.602201E+00	1.011419E+00
 289	1.452455E+03	3.960973E-02	4.519203E-01	1.190910E-01	1.336514E+00	5.564724E+00	5.657662E+00	7.531393E+01	8.446667E+01	1.182250E+01	7.602201E+00	1.011419E+00
 303	1.449001E+03	3.960973E-02	4.519203E-01	1.190910E-01	1.336514E+00	5.564724E+00	5.657662E+00	7.531393E+01	8.446667E+01	1.051909E+01	7.602201E+00	1.011419E+00
 313	1.442973E+03	3.960973E-02	4.519203E-01	1.190910E-01	1.336514E+00	5.564724E+00	5.657662E+00	7.531393E+01	8.446667E+01	4.594342E+00	7.602201E+00	1.011419E+00
 317	1.442801E+03	3.960973E-02	4.647340E-01	1.190910E-01	1.336514E+00	5.564724E+00	5.657662E+00	7.531393E+01	8.446667E+01	4.594342E+00	7.602201E+00	1.011419E+00
 321	1.442697E+03	3.960973E-02	4.647340E-01	1.190910E-01	1.336514E+00	5.564724E+00	5.657662E+00	7.531393E+01	8.446667E+01	3.995867E+00	7.602201E+00	1.011419E+00
 322	1.362975E+03	3.960973E-02	4.647340E-01	1.190910E-01	1.336514E+00	5.564724E+00	5.657662E+00	8.137300E+01	8.446667E+01	4.594342E+00	7.602201E+00	1.011419E+00
 328	1.353780E+03	3.960973E-02	4.647340E-01	1.190910E-01	1.336514E+00	5.564724E+00	5.657662E+00	8.137300E+01	8.446667E+01	4.594342E+00	7.602201E+00	1.167236E+00
 331	1.350470E+03	3.960973E-02	4.647340E-01	1.425077E-01	1.336514E+00	5.564724E+00	5.657662E+00	8.137300E+01	8.446667E+01	4.594342E+00	7.602201E+00	1.011419E+00
 339	1.347505E+03	3.960973E-02	4.647340E-01	1.425077E-01	1.336514E+00	5.564724E+00	5.657662E+00	8.137300E+01	8.446667E+01	3.671353E+00	7.602201E+00	1.011419E+00
 347	1.337782E+03	3.960973E-02	4.647340E-01	1.425077E-01	1.336514E+00	5.564724E+00	5.657662E+00	8.137300E+01	8.423528E+01	3.671353E+00	7.602201E+00	1.131127E+00
 355	1.319851E+03	3.960973E-02	4.647340E-01	1.425077E-01	1.336514E+00	5.564724E+00	5.657662E+00	8.137300E+01	8.423528E+01	3.671353E+00	9.284974E-01	1.131127E+00
 365	1.317440E+03	3.960973E-02	4.647340E-01	1.425077E-01	1.336514E+00	5.564724E+00	5.657662E+00	8.137300E+01	8.423528E+01	7.634960E-01	9.284974E-01	1.131127E+00
 375	1.317355E+03	3.960973E-02	4.647340E-01	1.425077E-01	1.336514E+00	5.564724E+00	5.657662E+00	8.137300E+01	8.423528E+01	5.066134E-01	9.284974E-01	1.131127E+00
 400	1.317272E+03	3.960973E-02	4.647340E-01	1.425077E-01	1.336514E+00	5.564724E+00	5.657662E+00	8.137300E+01	8.423528E+01	5.066134E-01	9.284974E-01	1.127928E+00
 405	1.309387E+03	3.960973E-02	4.647340E-01	1.425077E-01	1.336514E+00	5.564724E+00	5.657662E+00	8.362995E+01	8.423528E+01	5.066134E-01	9.284974E-01	1.127928E+00
 424	1.309355E+03	3.960973E-02	4.647340E-01	1.425077E-01	1.336514E+00	5.564724E+00	5.657662E+00	8.362995E+01	8.423528E+01	5.066134E-01	8.752495E-01	1.127928E+00
 427	1.285377E+03	3.960973E-02	4.184595E-01	1.425077E-01	1.336514E+00	5.564724E+00	5.657662E+00	8.362995E+01	8.423528E+01	5.066134E-01	9.284974E-01	1.127928E+00
 431	1.285218E+03	3.960973E-02	4.184595E-01	1.425077E-01	1.336514E+00	5.564724E+00	5.657662E+00	8.362995E+01	8.423528E+01	3.180729E-01	9.284974E-01	1.127928E+00
 443	1.285167E+03	3.960973E-02	4.184595E-01	1.425077E-01	1.336514E+00	5.564724E+00	5.657662E+00	8.362995E+01	8.423528E+01	2.532810E-01	9.284974E-01	1.127928E+00
 470	1.270802E+03	3.960973E-02	4.184595E-01	1.425077E-01	1.336514E+00	1.715742E+00	5.657662E+00	8.362995E+01	8.423528E+01	2.532810E-01	9.284974E-01	1.127928E+00
 477	1.270784E+03	3.960973E-02	4.184595E-01	1.425077E-01	1.336514E+00	1.715742E+00	5.657662E+00	8.362995E+01	8.423528E+01	2.532810E-01	1.044993E+00	1.127928E+00
 481	1.270760E+03	3.960973E-02	4.184595E-01	1.425077E-01	1.336514E+00	1.715742E+00	5.657662E+00	8.362995E+01	8.423528E+01	2.532810E-01	1.208504E+00	1.127928E+00
 486	1.266124E+03	3.960973E-02	4.184595E-01	1.425077E-01	1.336514E+00	1.715742E+00	5.657662E+00	8.438929E+01	8.423528E+01	2.532810E-01	1.208504E+00	1.127928E+00
