solve
1 20.5206 13.422 2425.52
2 0.14946 12.0638 -20938
3 0.0443281 4.17472 -23055.4
4 0.0441712 3.51893 -21394.5
5 0.0249915 1.17616 -20932
6 0.0215081 0.586019 -21382.8
7 0.0168818 0.408103 -21828.9
8 0.0133335 0.432636 -22044.7
9 0.010771 0.430075 -22150.1
10 0.00881363 0.391373 -22241.4
11 0.00765459 0.344317 -22332.7
12 0.00654083 0.300899 -22412.8
13 0.00552781 0.261476 -22476.9
14 0.00470717 0.224883 -22527.9
15 0.00504691 0.19136 -22569.7
16 0.00522796 0.161564 -22604.4
17 0.0052837 0.135702 -22633
18 0.00524189 0.113547 -22656.4
19 0.00512535 0.094712 -22675.5
20 0.00495272 0.0787966 -22690.9
21 0.00473917 0.0654235 -22703.4
22 0.00449706 0.0542384 -22713.3
23 0.00423634 0.0449154 -22721.2
24 0.00396503 0.0371639 -22727.3
25 0.00368951 0.0307313 -22731.9
26 0.00341481 0.0254011 -22735.3
27 0.00314487 0.0285091 -22737.7
28 0.00288272 0.0364587 -22739.3
29 0.00263061 0.044553 -22740.2
30 0.00239019 0.0538492 -22740.6
31 0.00216261 0.0649923 -22740.5
32 0.00194859 0.0646567 -22740.2
33 0.0017485 0.0487316 -22739.6
34 0.00156246 0.0399514 -22738.8
35 0.00139036 0.0340512 -22737.8
36 0.00123192 0.0297755 -22736.8
37 0.00108672 0.0265468 -22735.8
38 0.000954251 0.0240974 -22734.7
39 0.00083391 0.022176 -22733.6
40 0.000725054 0.024239 -22732.6
41 0.000627003 0.0270653 -22731.5
42 0.00053906 0.0304189 -22730.6
43 0.00046052 0.0343917 -22729.6
44 0.000390685 0.0390848 -22728.8
45 0.00032887 0.0441726 -22728
46 0.000274408 0.0463391 -22727.2
47 0.000226661 0.0484201 -22726.5
48 0.000195483 0.0503747 -22725.9
49 0.000187593 0.0521678 -22725.4
50 0.000180068 0.0503339 -22724.9
51 0.000171848 0.048752 -22724.4
52 0.00016313 0.0475563 -22724
53 0.000154084 0.0466659 -22723.6
54 0.000144861 0.0460197 -22723.3
55 0.000135589 0.0455707 -22723
56 0.000126376 0.0452819 -22722.8
57 0.000117312 0.0451234 -22722.6
58 0.000108473 0.0450711 -22722.4
59 9.99196e-05 0.0451049 -22722.3
60 9.1699e-05 0.045208 -22722.2
61 8.38478e-05 0.0453663 -22722.1
62 7.63924e-05 0.0455676 -22722
63 6.93506e-05 0.0458017 -22721.9
64 6.27324e-05 0.0460597 -22721.9
65 5.65417e-05 0.0463339 -22721.8
66 5.07769e-05 0.0466179 -22721.8
67 4.54316e-05 0.046906 -22721.8
68 4.04959e-05 0.0471937 -22721.8
69 3.59568e-05 0.047477 -22721.8
70 3.17989e-05 0.0477526 -22721.8
71 2.8005e-05 0.0480179 -22721.8
72 2.45565e-05 0.0482709 -22721.8
73 2.14342e-05 0.04851 -22721.8
74 1.8618e-05 0.048734 -22721.8
75 1.70898e-05 0.0489423 -22721.8
76 1.5921e-05 0.0491345 -22721.8
77 1.47658e-05 0.0493105 -22721.9
78 1.36354e-05 0.0494704 -22721.9
79 1.25387e-05 0.0496145 -22721.9
80 1.1483e-05 0.0497434 -22721.9
81 1.04737e-05 0.0498578 -22721.9
82 9.51485e-06 0.0499585 -22721.9
83 8.60921e-06 0.0500462 -22721.9
84 7.75846e-06 0.0501218 -22722
85 6.96335e-06 0.0501863 -22722
86 6.22385e-06 0.0502406 -22722
87 5.53926e-06 0.0502855 -22722
88 4.90834e-06 0.0503221 -22722
89 4.32943e-06 0.0503512 -22722
90 3.80052e-06 0.0503735 -22722
91 3.31934e-06 0.0503899 -22722
92 2.88343e-06 0.0504011 -22722
93 2.4902e-06 0.0504079 -22722
94 2.137e-06 0.0504107 -22722
95 2.13745e-06 0.0504103 -22722
96 2.14736e-06 0.0504071 -22722.1
97 2.13412e-06 0.0504017 -22722.1
98 2.10132e-06 0.0503944 -22722.1
99 2.05222e-06 0.0503857 -22722.1
100 1.9898e-06 0.0503758 -22722.1
101 1.91674e-06 0.0503652 -22722.1
102 1.83543e-06 0.0503539 -22722.1
103 1.748e-06 0.0503423 -22722.1
104 1.65632e-06 0.0503306 -22722.1
105 1.56201e-06 0.0503189 -22722.1
106 1.4665e-06 0.0503074 -22722.1
107 1.37099e-06 0.0502961 -22722.1
108 1.2765e-06 0.0502851 -22722.1
109 1.18388e-06 0.0502746 -22722.1
110 1.09384e-06 0.0502645 -22722.1
111 1.00692e-06 0.050255 -22722.1
112 9.23576e-07 0.050246 -22722.1
done
finished
