solve
1 25.3067 13.2684 2545.88
2 0.15571 12.1751 -20991.8
3 0.0448401 4.25441 -23244.6
4 0.0431421 3.28435 -21596.5
5 0.0223129 1.15406 -21092.4
6 0.0194821 0.468226 -21504.8
7 0.0152937 0.313275 -21927
8 0.0120581 0.321381 -22126.7
9 0.00973779 0.32673 -22218.6
10 0.00790446 0.298865 -22298.1
11 0.00663478 0.262881 -22379.5
12 0.00570926 0.229603 -22451.4
13 0.00484768 0.199417 -22508.9
14 0.00476866 0.171315 -22554.5
15 0.00511485 0.145515 -22591.8
16 0.00530002 0.122594 -22622.6
17 0.00535793 0.102747 -22648.1
18 0.00531674 0.0857957 -22668.9
19 0.00519957 0.0714261 -22685.9
20 0.00502533 0.0593173 -22699.6
21 0.00480943 0.0491691 -22710.5
22 0.0045644 0.0407022 -22719.3
23 0.00430037 0.0336608 -22726.1
24 0.00402547 0.0278185 -22731.4
25 0.0037462 0.0229793 -22735.3
26 0.00346769 0.0233292 -22738.1
27 0.00319393 0.0284749 -22740
28 0.00292801 0.0363977 -22741.2
29 0.00267223 0.0444388 -22741.8
30 0.00242827 0.0536846 -22742
31 0.0021973 0.0647647 -22741.7
32 0.00198006 0.0647158 -22741.2
33 0.00177693 0.0487561 -22740.4
34 0.00158805 0.0399814 -22739.5
35 0.0014133 0.0340739 -22738.5
36 0.0012524 0.0298006 -22737.4
37 0.00110493 0.0265672 -22736.3
38 0.000970371 0.0241145 -22735.1
39 0.000848121 0.0221907 -22734
40 0.000737526 0.0241561 -22732.9
41 0.000637898 0.0269566 -22731.9
42 0.000548529 0.0302761 -22730.9
43 0.000468707 0.0342035 -22729.9
44 0.000397724 0.0388364 -22729
45 0.000334884 0.0440226 -22728.2
46 0.000279513 0.0461733 -22727.4
47 0.000230961 0.0482391 -22726.7
48 0.000198861 0.0501796 -22726.1
49 0.000190391 0.05196 -22725.5
50 0.000182773 0.0505908 -22725
51 0.000174446 0.0489901 -22724.6
52 0.000165611 0.0477798 -22724.2
53 0.000156442 0.046878 -22723.8
54 0.00014709 0.046223 -22723.5
55 0.000137686 0.045767 -22723.2
56 0.000128341 0.0454728 -22723
57 0.000119146 0.0453102 -22722.8
58 0.000110178 0.0452548 -22722.6
59 0.000101498 0.0452863 -22722.4
60 9.3155e-05 0.0453879 -22722.3
61 8.51861e-05 0.0455453 -22722.2
62 7.76181e-05 0.0457462 -22722.1
63 7.04692e-05 0.0459802 -22722.1
64 6.37498e-05 0.0462385 -22722
65 5.74639e-05 0.0465133 -22722
66 5.16098e-05 0.046798 -22721.9
67 4.61813e-05 0.0470872 -22721.9
68 4.11683e-05 0.0473759 -22721.9
69 3.65577e-05 0.0476604 -22721.9
70 3.2334e-05 0.0479372 -22721.9
71 2.84797e-05 0.0482038 -22721.9
72 2.4976e-05 0.0484581 -22721.9
73 2.18034e-05 0.0486985 -22721.9
74 1.89416e-05 0.0489238 -22722
75 1.73518e-05 0.0491333 -22722
76 1.61666e-05 0.0493267 -22722
77 1.4995e-05 0.0495037 -22722
78 1.38482e-05 0.0496646 -22722
79 1.27356e-05 0.0498098 -22722
80 1.16644e-05 0.0499396 -22722.1
81 1.06401e-05 0.0500548 -22722.1
82 9.66691e-06 0.0501562 -22722.1
83 8.74763e-06 0.0502446 -22722.1
84 7.88397e-06 0.0503208 -22722.1
85 7.07672e-06 0.0503858 -22722.1
86 6.32584e-06 0.0504406 -22722.1
87 5.63065e-06 0.050486 -22722.1
88 4.98991e-06 0.0505229 -22722.2
89 4.40192e-06 0.0505523 -22722.2
90 3.86467e-06 0.0505748 -22722.2
91 3.37585e-06 0.0505915 -22722.2
92 2.93297e-06 0.0506029 -22722.2
93 2.53342e-06 0.0506097 -22722.2
94 2.1745e-06 0.0506127 -22722.2
95 2.16819e-06 0.0506124 -22722.2
96 2.17855e-06 0.0506093 -22722.2
97 2.16539e-06 0.0506039 -22722.2
98 2.13234e-06 0.0505966 -22722.2
99 2.08273e-06 0.0505879 -22722.2
100 2.01958e-06 0.050578 -22722.2
101 1.9456e-06 0.0505673 -22722.2
102 1.86323e-06 0.050556 -22722.2
103 1.77462e-06 0.0505444 -22722.2
104 1.68168e-06 0.0505327 -22722.2
105 1.58605e-06 0.0505209 -22722.2
106 1.48919e-06 0.0505093 -22722.2
107 1.3923e-06 0.0504979 -22722.2
108 1.29644e-06 0.0504869 -22722.2
109 1.20247e-06 0.0504764 -22722.2
110 1.1111e-06 0.0504663 -22722.2
111 1.02289e-06 0.0504567 -22722.2
112 9.38292e-07 0.0504476 -22722.2
done
finished
