solve
1 20.5348 13.3278 2333.11
2 0.148681 12.1299 -20983.3
3 0.0443641 4.18093 -23073.6
4 0.0441829 3.53566 -21401.1
5 0.0249885 1.17933 -20935
6 0.0215002 0.586428 -21384.9
7 0.0168726 0.408269 -21830.4
8 0.0133255 0.433282 -22045.8
9 0.0107646 0.430628 -22150.8
10 0.00881424 0.391805 -22241.8
11 0.00765437 0.344651 -22333
12 0.00654012 0.301167 -22412.9
13 0.00552686 0.261698 -22477
14 0.00470443 0.225067 -22528
15 0.00504159 0.191513 -22569.8
16 0.00522069 0.161691 -22604.4
17 0.00527497 0.135808 -22633
18 0.00523214 0.113636 -22656.4
19 0.00511492 0.0947865 -22675.4
20 0.0049419 0.0788592 -22690.9
21 0.00472819 0.0654761 -22703.3
22 0.0044861 0.0542826 -22713.3
23 0.00422556 0.0449526 -22721.1
24 0.00395453 0.0371952 -22727.2
25 0.00367938 0.0307577 -22731.8
26 0.00340512 0.0254232 -22735.2
27 0.00313567 0.0283781 -22737.6
28 0.00287403 0.0362288 -22739.2
29 0.00262246 0.0441856 -22740.1
30 0.00238258 0.0533319 -22740.5
31 0.00215554 0.0642994 -22740.4
32 0.00194205 0.0650177 -22740.1
33 0.00174248 0.0489261 -22739.5
34 0.00155695 0.040141 -22738.7
35 0.00138533 0.0341869 -22737.8
36 0.00122735 0.0299132 -22736.8
37 0.00108258 0.0266561 -22735.7
38 0.000950519 0.0241874 -22734.6
39 0.000830559 0.0222524 -22733.5
40 0.000722057 0.0230654 -22732.5
41 0.000624334 0.0255493 -22731.5
42 0.000536693 0.0284459 -22730.5
43 0.00045843 0.0318079 -22729.6
44 0.000388848 0.0356857 -22728.7
45 0.000327263 0.0401217 -22727.9
46 0.00027301 0.0449344 -22727.2
47 0.000225451 0.0468534 -22726.5
48 0.000194668 0.0486483 -22725.9
49 0.000187257 0.0502886 -22725.3
50 0.000179722 0.0517508 -22724.8
51 0.000171497 0.0530203 -22724.4
52 0.000162777 0.0529091 -22724
53 0.000153735 0.0518381 -22723.6
54 0.000144518 0.0510627 -22723.3
55 0.000135255 0.0505246 -22723
56 0.000126052 0.0501786 -22722.8
57 0.000117002 0.0499888 -22722.6
58 0.000108177 0.0499258 -22722.4
59 9.96383e-05 0.0499658 -22722.3
60 9.14334e-05 0.0500889 -22722.1
61 8.35981e-05 0.050278 -22722
62 7.61588e-05 0.0505191 -22721.9
63 6.91329e-05 0.0507997 -22721.9
64 6.25305e-05 0.0511094 -22721.8
65 5.63552e-05 0.0514391 -22721.8
66 5.06052e-05 0.0517811 -22721.8
67 4.52742e-05 0.0521287 -22721.7
68 4.03521e-05 0.0524762 -22721.7
69 3.5826e-05 0.052819 -22721.7
70 3.16803e-05 0.053153 -22721.7
71 2.78979e-05 0.0534751 -22721.7
72 2.44602e-05 0.0537827 -22721.7
73 2.13478e-05 0.054065 -22721.8
74 1.85409e-05 0.0538969 -22721.8
75 1.70476e-05 0.0537432 -22721.8
76 1.58801e-05 0.0536038 -22721.8
77 1.47264e-05 0.0534783 -22721.8
78 1.35977e-05 0.053366 -22721.8
79 1.25029e-05 0.0532664 -22721.9
80 1.14492e-05 0.0531786 -22721.9
81 1.04419e-05 0.0531021 -22721.9
82 9.4851e-06 0.0530358 -22721.9
83 8.58151e-06 0.0529791 -22721.9
84 7.7328e-06 0.0529311 -22721.9
85 6.93969e-06 0.0528911 -22721.9
86 6.20212e-06 0.0528583 -22722
87 5.51938e-06 0.0528319 -22722
88 4.89024e-06 0.0528114 -22722
89 4.31301e-06 0.0527959 -22722
90 3.78569e-06 0.052785 -22722
91 3.306e-06 0.0527781 -22722
92 2.87148e-06 0.0527745 -22722
93 2.47954e-06 0.0527739 -22722
94 2.12753e-06 0.0527758 -22722
95 2.13593e-06 0.0527797 -22722
96 2.14528e-06 0.0527854 -22722
97 2.13158e-06 0.0527924 -22722
98 2.09841e-06 0.0528006 -22722
99 2.04903e-06 0.0528095 -22722
100 1.9864e-06 0.0528191 -22722
101 1.9132e-06 0.0528291 -22722
102 1.83181e-06 0.0528393 -22722
103 1.74435e-06 0.0528495 -22722
104 1.65267e-06 0.0528597 -22722
105 1.55842e-06 0.0528698 -22722
106 1.46298e-06 0.0528796 -22722
107 1.36757e-06 0.0528891 -22722
108 1.27321e-06 0.0528983 -22722
109 1.18073e-06 0.052907 -22722
110 1.09083e-06 0.0529153 -22722
111 1.00407e-06 0.0529231 -22722
112 9.2089e-07 0.0529304 -22722
done
finished
